<?xml version="1.0" encoding="UTF-8"?>
<testng-results skipped="0" failed="0" ignored="0" total="1" passed="1">
  <reporter-output>
  </reporter-output>
  <suite name="Default suite" duration-ms="17858" started-at="2020-08-10T10:25:21 GMT+05:30" finished-at="2020-08-10T10:25:38 GMT+05:30">
    <groups>
      <group name="WeatherreportingTestcaess">
        <method signature="NewTest.f()[pri:1, instance:testcases.NewTest@6f195bc3]" name="f" class="testcases.NewTest"/>
      </group> <!-- WeatherreportingTestcaess -->
    </groups>
    <test name="Default test" duration-ms="17858" started-at="2020-08-10T10:25:21 GMT+05:30" finished-at="2020-08-10T10:25:38 GMT+05:30">
      <class name="testcases.NewTest">
        <test-method status="PASS" signature="configForWebpageLaunch()[pri:0, instance:testcases.NewTest@6f195bc3]" name="configForWebpageLaunch" is-config="true" duration-ms="11586" started-at="2020-08-10T10:25:21 GMT+05:30" finished-at="2020-08-10T10:25:32 GMT+05:30">
          <reporter-output>
          </reporter-output>
        </test-method> <!-- configForWebpageLaunch -->
        <test-method status="PASS" signature="f()[pri:1, instance:testcases.NewTest@6f195bc3]" name="f" duration-ms="6222" started-at="2020-08-10T10:25:32 GMT+05:30" finished-at="2020-08-10T10:25:38 GMT+05:30">
          <reporter-output>
          </reporter-output>
        </test-method> <!-- f -->
      </class> <!-- testcases.NewTest -->
    </test> <!-- Default test -->
  </suite> <!-- Default suite -->
</testng-results>
